This is pdfTeX, Version 3.141592653-2.6-1.40.23 (MiKTeX 21.10) (preloaded format=pdflatex 2022.1.20)  14 JUN 2023 20:37
entering extended mode
**F:/GitHub/thermal-properties-mbps/doc/manuscript-figures.tex
(F:/GitHub/thermal-properties-mbps/doc/manuscript-figures.tex
LaTeX2e <2021-11-15>
L3 programming layer <2021-11-22> (C:\Users\kydah\AppData\Local\Programs\MiKTeX
\tex/latex/base\article.cls
Document Class: article 2021/10/04 v1.4n Standard LaTeX document class
(C:\Users\kydah\AppData\Local\Programs\MiKTeX\tex/latex/base\size10.clo
File: size10.clo 2021/10/04 v1.4n Standard LaTeX file (size option)
)
\c@part=\count183
\c@section=\count184
\c@subsection=\count185
\c@subsubsection=\count186
\c@paragraph=\count187
\c@subparagraph=\count188
\c@figure=\count189
\c@table=\count190
\abovecaptionskip=\skip47
\belowcaptionskip=\skip48
\bibindent=\dimen138
) (C:\Users\kydah\AppData\Local\Programs\MiKTeX\tex/latex/amsmath\amsmath.sty
Package: amsmath 2021/10/15 v2.17l AMS math features
\@mathmargin=\skip49
For additional information on amsmath, use the `?' option.
(C:\Users\kydah\AppData\Local\Programs\MiKTeX\tex/latex/amsmath\amstext.sty
Package: amstext 2021/08/26 v2.01 AMS text
(C:\Users\kydah\AppData\Local\Programs\MiKTeX\tex/latex/amsmath\amsgen.sty
File: amsgen.sty 1999/11/30 v2.0 generic functions
\@emptytoks=\toks16
\ex@=\dimen139
)) (C:\Users\kydah\AppData\Local\Programs\MiKTeX\tex/latex/amsmath\amsbsy.sty
Package: amsbsy 1999/11/29 v1.2d Bold Symbols
\pmbraise@=\dimen140
) (C:\Users\kydah\AppData\Local\Programs\MiKTeX\tex/latex/amsmath\amsopn.sty
Package: amsopn 2021/08/26 v2.02 operator names
)
\inf@bad=\count191
LaTeX Info: Redefining \frac on input line 234.
\uproot@=\count192
\leftroot@=\count193
LaTeX Info: Redefining \overline on input line 399.
\classnum@=\count194
\DOTSCASE@=\count195
LaTeX Info: Redefining \ldots on input line 496.
LaTeX Info: Redefining \dots on input line 499.
LaTeX Info: Redefining \cdots on input line 620.
\Mathstrutbox@=\box50
\strutbox@=\box51
\big@size=\dimen141
LaTeX Font Info:    Redeclaring font encoding OML on input line 743.
LaTeX Font Info:    Redeclaring font encoding OMS on input line 744.
\macc@depth=\count196
\c@MaxMatrixCols=\count197
\dotsspace@=\muskip16
\c@parentequation=\count198
\dspbrk@lvl=\count199
\tag@help=\toks17
\row@=\count266
\column@=\count267
\maxfields@=\count268
\andhelp@=\toks18
\eqnshift@=\dimen142
\alignsep@=\dimen143
\tagshift@=\dimen144
\tagwidth@=\dimen145
\totwidth@=\dimen146
\lineht@=\dimen147
\@envbody=\toks19
\multlinegap=\skip50
\multlinetaggap=\skip51
\mathdisplay@stack=\toks20
LaTeX Info: Redefining \[ on input line 2938.
LaTeX Info: Redefining \] on input line 2939.
) (C:\Users\kydah\AppData\Local\Programs\MiKTeX\tex/latex/amsfonts\amssymb.sty
Package: amssymb 2013/01/14 v3.01 AMS font symbols
(C:\Users\kydah\AppData\Local\Programs\MiKTeX\tex/latex/amsfonts\amsfonts.sty
Package: amsfonts 2013/01/14 v3.01 Basic AMSFonts support
\symAMSa=\mathgroup4
\symAMSb=\mathgroup5
LaTeX Font Info:    Redeclaring math symbol \hbar on input line 98.
LaTeX Font Info:    Overwriting math alphabet `\mathfrak' in version `bold'
(Font)                  U/euf/m/n --> U/euf/b/n on input line 106.
)) (C:\Users\kydah\AppData\Local\Programs\MiKTeX\tex/latex/lm\lmodern.sty
Package: lmodern 2009/10/30 v1.6 Latin Modern Fonts
LaTeX Font Info:    Overwriting symbol font `operators' in version `normal'
(Font)                  OT1/cmr/m/n --> OT1/lmr/m/n on input line 22.
LaTeX Font Info:    Overwriting symbol font `letters' in version `normal'
(Font)                  OML/cmm/m/it --> OML/lmm/m/it on input line 23.
LaTeX Font Info:    Overwriting symbol font `symbols' in version `normal'
(Font)                  OMS/cmsy/m/n --> OMS/lmsy/m/n on input line 24.
LaTeX Font Info:    Overwriting symbol font `largesymbols' in version `normal'
(Font)                  OMX/cmex/m/n --> OMX/lmex/m/n on input line 25.
LaTeX Font Info:    Overwriting symbol font `operators' in version `bold'
(Font)                  OT1/cmr/bx/n --> OT1/lmr/bx/n on input line 26.
LaTeX Font Info:    Overwriting symbol font `letters' in version `bold'
(Font)                  OML/cmm/b/it --> OML/lmm/b/it on input line 27.
LaTeX Font Info:    Overwriting symbol font `symbols' in version `bold'
(Font)                  OMS/cmsy/b/n --> OMS/lmsy/b/n on input line 28.
LaTeX Font Info:    Overwriting symbol font `largesymbols' in version `bold'
(Font)                  OMX/cmex/m/n --> OMX/lmex/m/n on input line 29.
LaTeX Font Info:    Overwriting math alphabet `\mathbf' in version `normal'
(Font)                  OT1/cmr/bx/n --> OT1/lmr/bx/n on input line 31.
LaTeX Font Info:    Overwriting math alphabet `\mathsf' in version `normal'
(Font)                  OT1/cmss/m/n --> OT1/lmss/m/n on input line 32.
LaTeX Font Info:    Overwriting math alphabet `\mathit' in version `normal'
(Font)                  OT1/cmr/m/it --> OT1/lmr/m/it on input line 33.
LaTeX Font Info:    Overwriting math alphabet `\mathtt' in version `normal'
(Font)                  OT1/cmtt/m/n --> OT1/lmtt/m/n on input line 34.
LaTeX Font Info:    Overwriting math alphabet `\mathbf' in version `bold'
(Font)                  OT1/cmr/bx/n --> OT1/lmr/bx/n on input line 35.
LaTeX Font Info:    Overwriting math alphabet `\mathsf' in version `bold'
(Font)                  OT1/cmss/bx/n --> OT1/lmss/bx/n on input line 36.
LaTeX Font Info:    Overwriting math alphabet `\mathit' in version `bold'
(Font)                  OT1/cmr/bx/it --> OT1/lmr/bx/it on input line 37.
LaTeX Font Info:    Overwriting math alphabet `\mathtt' in version `bold'
(Font)                  OT1/cmtt/m/n --> OT1/lmtt/m/n on input line 38.
) (C:\Users\kydah\AppData\Local\Programs\MiKTeX\tex/generic/iftex\iftex.sty
Package: iftex 2020/03/06 v1.0d TeX engine tests
) (C:\Users\kydah\AppData\Local\Programs\MiKTeX\tex/latex/base\fontenc.sty
Package: fontenc 2021/04/29 v2.0v Standard LaTeX package
LaTeX Font Info:    Trying to load font information for T1+lmr on input line 11
2.
(C:\Users\kydah\AppData\Local\Programs\MiKTeX\tex/latex/lm\t1lmr.fd
File: t1lmr.fd 2009/10/30 v1.6 Font defs for Latin Modern
)) (C:\Users\kydah\AppData\Local\Programs\MiKTeX\tex/latex/base\inputenc.sty
Package: inputenc 2021/02/14 v1.3d Input encoding file
\inpenc@prehook=\toks21
\inpenc@posthook=\toks22
) (C:\Users\kydah\AppData\Local\Programs\MiKTeX\tex/latex/base\textcomp.sty
Package: textcomp 2020/02/02 v2.0n Standard LaTeX package
) (C:\Users\kydah\AppData\Local\Programs\MiKTeX\tex/latex/upquote\upquote.sty
Package: upquote 2012/04/19 v1.3 upright-quote and grave-accent glyphs in verba
tim
)
(C:\Users\kydah\AppData\Local\Programs\MiKTeX\tex/latex/microtype\microtype.sty
Package: microtype 2021/10/31 v3.0 Micro-typographical refinements (RS)
(C:\Users\kydah\AppData\Local\Programs\MiKTeX\tex/latex/graphics\keyval.sty
Package: keyval 2014/10/28 v1.15 key=value parser (DPC)
\KV@toks@=\toks23
) (C:\Users\kydah\AppData\Local\Programs\MiKTeX\tex/latex/etoolbox\etoolbox.sty
Package: etoolbox 2020/10/05 v2.5k e-TeX tools for LaTeX (JAW)
\etb@tempcnta=\count269
)
\MT@toks=\toks24
\MT@count=\count270
\MT@tempbox=\box52
\MT@leftmarginkern=\dimen148
\MT@rightmarginkern=\dimen149
LaTeX Info: Redefining \textls on input line 1114.
\MT@outer@kern=\dimen150
LaTeX Info: Redefining \textmicrotypecontext on input line 1700.
\MT@listname@count=\count271

(C:\Users\kydah\AppData\Local\Programs\MiKTeX\tex/latex/microtype\microtype-pdf
tex.def
File: microtype-pdftex.def 2021/10/31 v3.0 Definitions specific to pdftex (RS)
LaTeX Info: Redefining \lsstyle on input line 915.
LaTeX Info: Redefining \lslig on input line 915.
\MT@outer@space=\skip52
)
Package microtype Info: Loading configuration file microtype.cfg.

(C:\Users\kydah\AppData\Local\Programs\MiKTeX\tex/latex/microtype\microtype.cfg
File: microtype.cfg 2021/10/31 v3.0 microtype main configuration file (RS)
)) (C:\Users\kydah\AppData\Local\Programs\MiKTeX\tex/latex/parskip\parskip.sty
Package: parskip 2021-03-14 v2.0h non-zero parskip adjustments

(C:\Users\kydah\AppData\Local\Programs\MiKTeX\tex/latex/kvoptions\kvoptions.sty
Package: kvoptions 2020-10-07 v3.14 Key value format for package options (HO)
(C:\Users\kydah\AppData\Local\Programs\MiKTeX\tex/generic/ltxcmds\ltxcmds.sty
Package: ltxcmds 2020-05-10 v1.25 LaTeX kernel commands for general use (HO)
)
(C:\Users\kydah\AppData\Local\Programs\MiKTeX\tex/generic/kvsetkeys\kvsetkeys.s
ty
Package: kvsetkeys 2019/12/15 v1.18 Key value parser (HO)
))) (C:\Users\kydah\AppData\Local\Programs\MiKTeX\tex/latex/xcolor\xcolor.sty
Package: xcolor 2021/10/31 v2.13 LaTeX color extensions (UK)
(C:\Users\kydah\AppData\Local\Programs\MiKTeX\tex/latex/graphics-cfg\color.cfg
File: color.cfg 2016/01/02 v1.6 sample color configuration
)
Package xcolor Info: Driver file: pdftex.def on input line 227.

(C:\Users\kydah\AppData\Local\Programs\MiKTeX\tex/latex/graphics-def\pdftex.def
File: pdftex.def 2020/10/05 v1.2a Graphics/color driver for pdftex
)
Package xcolor Info: Model `cmy' substituted by `cmy0' on input line 1352.
Package xcolor Info: Model `hsb' substituted by `rgb' on input line 1356.
Package xcolor Info: Model `RGB' extended on input line 1368.
Package xcolor Info: Model `HTML' substituted by `rgb' on input line 1370.
Package xcolor Info: Model `Hsb' substituted by `hsb' on input line 1371.
Package xcolor Info: Model `tHsb' substituted by `hsb' on input line 1372.
Package xcolor Info: Model `HSB' substituted by `hsb' on input line 1373.
Package xcolor Info: Model `Gray' substituted by `gray' on input line 1374.
Package xcolor Info: Model `wave' substituted by `hsb' on input line 1375.
) (C:\Users\kydah\AppData\Local\Programs\MiKTeX\tex/latex/geometry\geometry.sty
Package: geometry 2020/01/02 v5.9 Page Geometry
(C:\Users\kydah\AppData\Local\Programs\MiKTeX\tex/generic/iftex\ifvtex.sty
Package: ifvtex 2019/10/25 v1.7 ifvtex legacy package. Use iftex instead.
)
\Gm@cnth=\count272
\Gm@cntv=\count273
\c@Gm@tempcnt=\count274
\Gm@bindingoffset=\dimen151
\Gm@wd@mp=\dimen152
\Gm@odd@mp=\dimen153
\Gm@even@mp=\dimen154
\Gm@layoutwidth=\dimen155
\Gm@layoutheight=\dimen156
\Gm@layouthoffset=\dimen157
\Gm@layoutvoffset=\dimen158
\Gm@dimlist=\toks25
(C:\Users\kydah\AppData\Local\Programs\MiKTeX\tex/latex/geometry\geometry.cfg))
(C:\Users\kydah\AppData\Local\Programs\MiKTeX\tex/latex/graphics\graphicx.sty
Package: graphicx 2021/09/16 v1.2d Enhanced LaTeX Graphics (DPC,SPQR)
(C:\Users\kydah\AppData\Local\Programs\MiKTeX\tex/latex/graphics\graphics.sty
Package: graphics 2021/03/04 v1.4d Standard LaTeX Graphics (DPC,SPQR)
(C:\Users\kydah\AppData\Local\Programs\MiKTeX\tex/latex/graphics\trig.sty
Package: trig 2021/08/11 v1.11 sin cos tan (DPC)
)
(C:\Users\kydah\AppData\Local\Programs\MiKTeX\tex/latex/graphics-cfg\graphics.c
fg
File: graphics.cfg 2016/06/04 v1.11 sample graphics configuration
)
Package graphics Info: Driver file: pdftex.def on input line 107.
)
\Gin@req@height=\dimen159
\Gin@req@width=\dimen160
) (C:\Users\kydah\AppData\Local\Programs\MiKTeX\tex/latex/graphics\epsfig.sty
Package: epsfig 2017/06/25 v1.7b (e)psfig emulation (SPQR)
\epsfxsize=\dimen161
\epsfysize=\dimen162
) (C:\Users\kydah\AppData\Local\Programs\MiKTeX\tex/latex/amscls\amsthm.sty
Package: amsthm 2020/05/29 v2.20.6
\thm@style=\toks26
\thm@bodyfont=\toks27
\thm@headfont=\toks28
\thm@notefont=\toks29
\thm@headpunct=\toks30
\thm@preskip=\skip53
\thm@postskip=\skip54
\thm@headsep=\skip55
\dth@everypar=\toks31
) (C:\Users\kydah\AppData\Local\Programs\MiKTeX\tex/generic/xypic\xy.sty (C:\Us
ers\kydah\AppData\Local\Programs\MiKTeX\tex/generic/xypic\xy.tex Bootstrap'ing:
catcodes, docmode, (C:\Users\kydah\AppData\Local\Programs\MiKTeX\tex/generic/xy
pic\xyrecat.tex) (C:\Users\kydah\AppData\Local\Programs\MiKTeX\tex/generic/xypi
c\xyidioms.tex)

 Xy-pic version 3.8.9 <2013/10/06>
 Copyright (c) 1991-2013 by Kristoffer H. Rose <krisrose@tug.org> and others
 Xy-pic is free software: see the User's Guide for details.

Loading kernel: messages; fonts; allocations: state,
\X@c=\dimen163
\Y@c=\dimen164
\U@c=\dimen165
\D@c=\dimen166
\L@c=\dimen167
\R@c=\dimen168
\Edge@c=\toks32
\X@p=\dimen169
\Y@p=\dimen170
\U@p=\dimen171
\D@p=\dimen172
\L@p=\dimen173
\R@p=\dimen174
\Edge@p=\toks33
\X@origin=\dimen175
\Y@origin=\dimen176
\X@xbase=\dimen177
\Y@xbase=\dimen178
\X@ybase=\dimen179
\Y@ybase=\dimen180
\X@min=\dimen181
\Y@min=\dimen182
\X@max=\dimen183
\Y@max=\dimen184
\lastobjectbox@=\box53
\zerodotbox@=\box54
\almostz@=\dimen185
direction,
\d@X=\dimen186
\d@Y=\dimen187
\K@=\count275
\KK@=\count276
\Direction=\count277
\K@dXdY=\dimen188
\K@dYdX=\dimen189
\xyread@=\read2
\xywrite@=\write3
\csp@=\count278
\quotPTK@=\dimen190
utility macros; pictures: \xy, positions,
\swaptoks@@=\toks34
\connectobjectbox@@=\box55
objects,
\styletoks@=\toks35
decorations; kernel objects: directionals, circles, text; options; algorithms: 
directions, edges, connections;  Xy-pic loaded) (C:\Users\kydah\AppData\Local\P
rograms\MiKTeX\tex/generic/iftex\ifpdf.sty
Package: ifpdf 2019/10/25 v3.4 ifpdf legacy package. Use iftex instead.
)
Package: xy 2013/10/06 Xy-pic version 3.8.9
(C:\Users\kydah\AppData\Local\Programs\MiKTeX\tex/generic/xypic\xyall.tex  Xy-p
ic option: All features v.3.8 (C:\Users\kydah\AppData\Local\Programs\MiKTeX\tex
/generic/xypic\xycurve.tex  Xy-pic option: Curve and Spline extension v.3.12 cu
rve,
\crv@cnt@=\count279
\crvpts@=\toks36
\splinebox@=\box56
\splineval@=\dimen191
\splinedepth@=\dimen192
\splinetol@=\dimen193
\splinelength@=\dimen194
circles,
\L@=\dimen195
loaded) (C:\Users\kydah\AppData\Local\Programs\MiKTeX\tex/generic/xypic\xyframe
.tex  Xy-pic option: Frame and Bracket extension v.3.14 loaded) (C:\Users\kydah
\AppData\Local\Programs\MiKTeX\tex/generic/xypic\xycmtip.tex  Xy-pic option: Co
mputer Modern tip extension v.3.7 (C:\Users\kydah\AppData\Local\Programs\MiKTeX
\tex/generic/xypic\xytips.tex  Xy-pic option: More Tips extension v.3.11 loaded
) loaded) (C:\Users\kydah\AppData\Local\Programs\MiKTeX\tex/generic/xypic\xylin
e.tex  Xy-pic option: Line styles extension v.3.10
\xylinethick@=\dimen196
loaded) (C:\Users\kydah\AppData\Local\Programs\MiKTeX\tex/generic/xypic\xyrotat
e.tex  Xy-pic option: Rotate and Scale extension v.3.8 loaded) (C:\Users\kydah\
AppData\Local\Programs\MiKTeX\tex/generic/xypic\xycolor.tex  Xy-pic option: Col
our extension v.3.11 loaded) (C:\Users\kydah\AppData\Local\Programs\MiKTeX\tex/
generic/xypic\xymatrix.tex  Xy-pic option: Matrix feature v.3.14
\Row=\count280
\Col=\count281
\queue@=\toks37
\queue@@=\toks38
\qcount@=\count282
\qcount@@=\count283
\matrixsize@=\count284
loaded) (C:\Users\kydah\AppData\Local\Programs\MiKTeX\tex/generic/xypic\xyarrow
.tex  Xy-pic option: Arrow and Path feature v.3.9 path, \ar, loaded) (C:\Users\
kydah\AppData\Local\Programs\MiKTeX\tex/generic/xypic\xygraph.tex  Xy-pic optio
n: Graph feature v.3.11 loaded) loaded) (C:\Users\kydah\AppData\Local\Programs\
MiKTeX\tex/generic/xypic\xypdf.tex  Xy-pic option: PDF driver v.1.7 Xy-pic pdf 
driver: `color' extension support (C:\Users\kydah\AppData\Local\Programs\MiKTeX
\tex/generic/xypic\xypdf-co.tex loaded) Xy-pic pdf driver: `curve' extension su
pport (C:\Users\kydah\AppData\Local\Programs\MiKTeX\tex/generic/xypic\xypdf-cu.
tex loaded) Xy-pic pdf driver: `frame' extension support (C:\Users\kydah\AppDat
a\Local\Programs\MiKTeX\tex/generic/xypic\xypdf-fr.tex loaded) Xy-pic pdf drive
r: `line' extension support (C:\Users\kydah\AppData\Local\Programs\MiKTeX\tex/g
eneric/xypic\xypdf-li.tex loaded) Xy-pic pdf driver: `rotate' extension support
(C:\Users\kydah\AppData\Local\Programs\MiKTeX\tex/generic/xypic\xypdf-ro.tex lo
aded) loaded))
(C:\Users\kydah\AppData\Local\Programs\MiKTeX\tex/latex/mathtools\mathtools.sty
Package: mathtools 2021/04/12 v1.27 mathematical typesetting tools
(C:\Users\kydah\AppData\Local\Programs\MiKTeX\tex/latex/tools\calc.sty
Package: calc 2017/05/25 v4.3 Infix arithmetic (KKT,FJ)
\calc@Acount=\count285
\calc@Bcount=\count286
\calc@Adimen=\dimen197
\calc@Bdimen=\dimen198
\calc@Askip=\skip56
\calc@Bskip=\skip57
LaTeX Info: Redefining \setlength on input line 80.
LaTeX Info: Redefining \addtolength on input line 81.
\calc@Ccount=\count287
\calc@Cskip=\skip58
) (C:\Users\kydah\AppData\Local\Programs\MiKTeX\tex/latex/mathtools\mhsetup.sty
Package: mhsetup 2021/03/18 v1.4 programming setup (MH)
)
LaTeX Info: Thecontrolsequence`\('isalreadyrobust on input line 130.
LaTeX Info: Thecontrolsequence`\)'isalreadyrobust on input line 130.
LaTeX Info: Thecontrolsequence`\['isalreadyrobust on input line 130.
LaTeX Info: Thecontrolsequence`\]'isalreadyrobust on input line 130.
\g_MT_multlinerow_int=\count288
\l_MT_multwidth_dim=\dimen199
\origjot=\skip59
\l_MT_shortvdotswithinadjustabove_dim=\dimen256
\l_MT_shortvdotswithinadjustbelow_dim=\dimen257
\l_MT_above_intertext_sep=\dimen258
\l_MT_below_intertext_sep=\dimen259
\l_MT_above_shortintertext_sep=\dimen260
\l_MT_below_shortintertext_sep=\dimen261
\xmathstrut@box=\box57
\xmathstrut@dim=\dimen262
) (C:\Users\kydah\AppData\Local\Programs\MiKTeX\tex/latex/jknappen\mathrsfs.sty
Package: mathrsfs 1996/01/01 Math RSFS package v1.0 (jk)
\symrsfs=\mathgroup6
)
\c@lemma=\count289
\c@theorem=\count290
(C:\Users\kydah\AppData\Local\Programs\MiKTeX\tex/latex/tools\tabularx.sty
Package: tabularx 2020/01/15 v2.11c `tabularx' package (DPC)
(C:\Users\kydah\AppData\Local\Programs\MiKTeX\tex/latex/tools\array.sty
Package: array 2021/10/04 v2.5f Tabular extension package (FMi)
\col@sep=\dimen263
\ar@mcellbox=\box58
\extrarowheight=\dimen264
\NC@list=\toks39
\extratabsurround=\skip60
\backup@length=\skip61
\ar@cellbox=\box59
)
\TX@col@width=\dimen265
\TX@old@table=\dimen266
\TX@old@col=\dimen267
\TX@target=\dimen268
\TX@delta=\dimen269
\TX@cols=\count291
\TX@ftn=\toks40
) (C:\Users\kydah\AppData\Local\Programs\MiKTeX\tex/latex/makecell\makecell.sty
Package: makecell 2009/08/03 V0.1e Managing of Tab Column Heads and Cells
\rotheadsize=\dimen270
\c@nlinenum=\count292
\TeXr@lab=\toks41
) (C:\Users\kydah\AppData\Local\Programs\MiKTeX\tex/latex/multirow\multirow.sty
Package: multirow 2021/03/15 v2.8 Span multiple rows of a table
\multirow@colwidth=\skip62
\multirow@cntb=\count293
\multirow@dima=\skip63
\bigstrutjot=\dimen271
) (C:\Users\kydah\AppData\Local\Programs\MiKTeX\tex/latex/float\float.sty
Package: float 2001/11/08 v1.3d Float enhancements (AL)
\c@float@type=\count294
\float@exts=\toks42
\float@box=\box60
\@float@everytoks=\toks43
\@floatcapt=\box61
) (C:\Users\kydah\AppData\Local\Programs\MiKTeX\tex/latex/bookmark\bookmark.sty
Package: bookmark 2020-11-06 v1.29 PDF bookmarks (HO)
(C:\Users\kydah\AppData\Local\Programs\MiKTeX\tex/latex/hyperref\hyperref.sty
Package: hyperref 2021-06-07 v7.00m Hypertext links for LaTeX

(C:\Users\kydah\AppData\Local\Programs\MiKTeX\tex/generic/pdftexcmds\pdftexcmds
.sty
Package: pdftexcmds 2020-06-27 v0.33 Utility functions of pdfTeX for LuaTeX (HO
)

(C:\Users\kydah\AppData\Local\Programs\MiKTeX\tex/generic/infwarerr\infwarerr.s
ty
Package: infwarerr 2019/12/03 v1.5 Providing info/warning/error messages (HO)
)
Package pdftexcmds Info: \pdf@primitive is available.
Package pdftexcmds Info: \pdf@ifprimitive is available.
Package pdftexcmds Info: \pdfdraftmode found.
)
(C:\Users\kydah\AppData\Local\Programs\MiKTeX\tex/generic/kvdefinekeys\kvdefine
keys.sty
Package: kvdefinekeys 2019-12-19 v1.6 Define keys (HO)
)
(C:\Users\kydah\AppData\Local\Programs\MiKTeX\tex/generic/pdfescape\pdfescape.s
ty
Package: pdfescape 2019/12/09 v1.15 Implements pdfTeX's escape features (HO)
) (C:\Users\kydah\AppData\Local\Programs\MiKTeX\tex/latex/hycolor\hycolor.sty
Package: hycolor 2020-01-27 v1.10 Color options for hyperref/bookmark (HO)
)
(C:\Users\kydah\AppData\Local\Programs\MiKTeX\tex/latex/letltxmacro\letltxmacro
.sty
Package: letltxmacro 2019/12/03 v1.6 Let assignment for LaTeX macros (HO)
) (C:\Users\kydah\AppData\Local\Programs\MiKTeX\tex/latex/auxhook\auxhook.sty
Package: auxhook 2019-12-17 v1.6 Hooks for auxiliary files (HO)
)
\@linkdim=\dimen272
\Hy@linkcounter=\count295
\Hy@pagecounter=\count296
(C:\Users\kydah\AppData\Local\Programs\MiKTeX\tex/latex/hyperref\pd1enc.def
File: pd1enc.def 2021-06-07 v7.00m Hyperref: PDFDocEncoding definition (HO)
Now handling font encoding PD1 ...
... no UTF-8 mapping file for font encoding PD1
)
(C:\Users\kydah\AppData\Local\Programs\MiKTeX\tex/latex/hyperref\hyperref-langp
atches.def
File: hyperref-langpatches.def 2021-06-07 v7.00m Hyperref: patches for babel la
nguages
) (C:\Users\kydah\AppData\Local\Programs\MiKTeX\tex/generic/intcalc\intcalc.sty
Package: intcalc 2019/12/15 v1.3 Expandable calculations with integers (HO)
)
(C:\Users\kydah\AppData\Local\Programs\MiKTeX\tex/generic/etexcmds\etexcmds.sty
Package: etexcmds 2019/12/15 v1.7 Avoid name clashes with e-TeX commands (HO)
)
\Hy@SavedSpaceFactor=\count297
(C:\Users\kydah\AppData\Local\Programs\MiKTeX\tex/latex/hyperref\puenc.def
File: puenc.def 2021-06-07 v7.00m Hyperref: PDF Unicode definition (HO)
Now handling font encoding PU ...
... no UTF-8 mapping file for font encoding PU
)
Package hyperref Info: Option `unicode' set `true' on input line 4073.
Package hyperref Info: Hyper figures OFF on input line 4192.
Package hyperref Info: Link nesting OFF on input line 4197.
Package hyperref Info: Hyper index ON on input line 4200.
Package hyperref Info: Plain pages OFF on input line 4207.
Package hyperref Info: Backreferencing OFF on input line 4212.
Package hyperref Info: Implicit mode ON; LaTeX internals redefined.
Package hyperref Info: Bookmarks ON on input line 4445.
\c@Hy@tempcnt=\count298
(C:\Users\kydah\AppData\Local\Programs\MiKTeX\tex/latex/url\url.sty
\Urlmuskip=\muskip17
Package: url 2013/09/16  ver 3.4  Verb mode for urls, etc.
)
LaTeX Info: Redefining \url on input line 4804.
\XeTeXLinkMargin=\dimen273
(C:\Users\kydah\AppData\Local\Programs\MiKTeX\tex/generic/bitset\bitset.sty
Package: bitset 2019/12/09 v1.3 Handle bit-vector datatype (HO)

(C:\Users\kydah\AppData\Local\Programs\MiKTeX\tex/generic/bigintcalc\bigintcalc
.sty
Package: bigintcalc 2019/12/15 v1.5 Expandable calculations on big integers (HO
)
))
\Fld@menulength=\count299
\Field@Width=\dimen274
\Fld@charsize=\dimen275
Package hyperref Info: Hyper figures OFF on input line 6076.
Package hyperref Info: Link nesting OFF on input line 6081.
Package hyperref Info: Hyper index ON on input line 6084.
Package hyperref Info: backreferencing OFF on input line 6091.
Package hyperref Info: Link coloring OFF on input line 6096.
Package hyperref Info: Link coloring with OCG OFF on input line 6101.
Package hyperref Info: PDF/A mode OFF on input line 6106.
LaTeX Info: Redefining \ref on input line 6146.
LaTeX Info: Redefining \pageref on input line 6150.
(C:\Users\kydah\AppData\Local\Programs\MiKTeX\tex/latex/base\atbegshi-ltx.sty
Package: atbegshi-ltx 2021/01/10 v1.0c Emulation of the original atbegshi
package with kernel methods
)
\Hy@abspage=\count300
\c@Item=\count301
\c@Hfootnote=\count302
)
Package hyperref Info: Driver (autodetected): hpdftex.
(C:\Users\kydah\AppData\Local\Programs\MiKTeX\tex/latex/hyperref\hpdftex.def
File: hpdftex.def 2021-06-07 v7.00m Hyperref driver for pdfTeX
(C:\Users\kydah\AppData\Local\Programs\MiKTeX\tex/latex/base\atveryend-ltx.sty
Package: atveryend-ltx 2020/08/19 v1.0a Emulation of the original atveryend pac
kage
with kernel methods
)
\Fld@listcount=\count303
\c@bookmark@seq@number=\count304

(C:\Users\kydah\AppData\Local\Programs\MiKTeX\tex/latex/rerunfilecheck\rerunfil
echeck.sty
Package: rerunfilecheck 2019/12/05 v1.9 Rerun checks for auxiliary files (HO)

(C:\Users\kydah\AppData\Local\Programs\MiKTeX\tex/generic/uniquecounter\uniquec
ounter.sty
Package: uniquecounter 2019/12/15 v1.4 Provide unlimited unique counter (HO)
)
Package uniquecounter Info: New unique counter `rerunfilecheck' on input line 2
86.
)
\Hy@SectionHShift=\skip64
)
(C:\Users\kydah\AppData\Local\Programs\MiKTeX\tex/latex/bookmark\bkm-pdftex.def
File: bkm-pdftex.def 2020-11-06 v1.29 bookmark driver for pdfTeX (HO)
\BKM@id=\count305
)) (C:\Users\kydah\AppData\Local\Programs\MiKTeX\tex/latex/xurl\xurl.sty
Package: xurl 2020/12/30 v 0.09a modify URL breaks
)
(C:\Users\kydah\AppData\Local\Programs\MiKTeX\tex/latex/l3backend\l3backend-pdf
tex.def
File: l3backend-pdftex.def 2021-10-18 L3 backend support: PDF output (pdfTeX)
\l__color_backend_stack_int=\count306
\l__pdf_internal_box=\box62
) (manuscript-figures.aux

LaTeX Warning: Label `fig:CTmin_sens' multiply defined.


LaTeX Warning: Label `fig:CTmin_sens' multiply defined.

)
\openout1 = `manuscript-figures.aux'.

LaTeX Font Info:    Checking defaults for OML/cmm/m/it on input line 95.
LaTeX Font Info:    ... okay on input line 95.
LaTeX Font Info:    Checking defaults for OMS/cmsy/m/n on input line 95.
LaTeX Font Info:    ... okay on input line 95.
LaTeX Font Info:    Checking defaults for OT1/cmr/m/n on input line 95.
LaTeX Font Info:    ... okay on input line 95.
LaTeX Font Info:    Checking defaults for T1/cmr/m/n on input line 95.
LaTeX Font Info:    ... okay on input line 95.
LaTeX Font Info:    Checking defaults for TS1/cmr/m/n on input line 95.
LaTeX Font Info:    ... okay on input line 95.
LaTeX Font Info:    Checking defaults for OMX/cmex/m/n on input line 95.
LaTeX Font Info:    ... okay on input line 95.
LaTeX Font Info:    Checking defaults for U/cmr/m/n on input line 95.
LaTeX Font Info:    ... okay on input line 95.
LaTeX Font Info:    Checking defaults for PD1/pdf/m/n on input line 95.
LaTeX Font Info:    ... okay on input line 95.
LaTeX Font Info:    Checking defaults for PU/pdf/m/n on input line 95.
LaTeX Font Info:    ... okay on input line 95.
LaTeX Info: Redefining \microtypecontext on input line 95.
Package microtype Info: Applying patch `item' on input line 95.
Package microtype Info: Applying patch `toc' on input line 95.
Package microtype Info: Applying patch `eqnum' on input line 95.
Package microtype Info: Applying patch `footnote' on input line 95.
Package microtype Info: Generating PDF output.
Package microtype Info: Character protrusion enabled (level 2).
Package microtype Info: Using protrusion set `basicmath'.
Package microtype Info: Automatic font expansion enabled (level 2),
(microtype)             stretch: 20, shrink: 20, step: 1, non-selected.
Package microtype Info: Using default expansion set `alltext-nott'.
LaTeX Info: Redefining \showhyphens on input line 95.
Package microtype Info: No adjustment of tracking.
Package microtype Info: No adjustment of interword spacing.
Package microtype Info: No adjustment of character kerning.
(C:\Users\kydah\AppData\Local\Programs\MiKTeX\tex/latex/microtype\mt-cmr.cfg
File: mt-cmr.cfg 2013/05/19 v2.2 microtype config. file: Computer Modern Roman 
(RS)
)
(C:\Users\kydah\AppData\Local\Programs\MiKTeX\tex/context/base/mkii\supp-pdf.mk
ii
[Loading MPS to PDF converter (version 2006.09.02).]
\scratchcounter=\count307
\scratchdimen=\dimen276
\scratchbox=\box63
\nofMPsegments=\count308
\nofMParguments=\count309
\everyMPshowfont=\toks44
\MPscratchCnt=\count310
\MPscratchDim=\dimen277
\MPnumerator=\count311
\makeMPintoPDFobject=\count312
\everyMPtoPDFconversion=\toks45
)
(C:\Users\kydah\AppData\Local\Programs\MiKTeX\tex/latex/epstopdf-pkg\epstopdf-b
ase.sty
Package: epstopdf-base 2020-01-24 v2.11 Base part for package epstopdf
Package epstopdf-base Info: Redefining graphics rule for `.eps' on input line 4
85.

(C:\Users\kydah\AppData\Local\Programs\MiKTeX\tex/latex/00miktex\epstopdf-sys.c
fg
File: epstopdf-sys.cfg 2021/03/18 v2.0 Configuration of epstopdf for MiKTeX
))
*geometry* driver: auto-detecting
*geometry* detected driver: pdftex
*geometry* verbose mode - [ preamble ] result:
* driver: pdftex
* paper: <default>
* layout: <same size as paper>
* layoutoffset:(h,v)=(0.0pt,0.0pt)
* modes: 
* h-part:(L,W,R)=(72.26999pt, 469.75502pt, 72.26999pt)
* v-part:(T,H,B)=(72.26999pt, 650.43001pt, 72.26999pt)
* \paperwidth=614.295pt
* \paperheight=794.96999pt
* \textwidth=469.75502pt
* \textheight=650.43001pt
* \oddsidemargin=0.0pt
* \evensidemargin=0.0pt
* \topmargin=-37.0pt
* \headheight=12.0pt
* \headsep=25.0pt
* \topskip=10.0pt
* \footskip=30.0pt
* \marginparwidth=65.0pt
* \marginparsep=11.0pt
* \columnsep=10.0pt
* \skip\footins=9.0pt plus 4.0pt minus 2.0pt
* \hoffset=0.0pt
* \voffset=0.0pt
* \mag=1000
* \@twocolumnfalse
* \@twosidefalse
* \@mparswitchfalse
* \@reversemarginfalse
* (1in=72.27pt=25.4mm, 1cm=28.453pt)

LaTeX Font Info:    Trying to load font information for OT1+lmr on input line 9
5.
(C:\Users\kydah\AppData\Local\Programs\MiKTeX\tex/latex/lm\ot1lmr.fd
File: ot1lmr.fd 2009/10/30 v1.6 Font defs for Latin Modern
)
LaTeX Font Info:    Trying to load font information for OML+lmm on input line 9
5.
(C:\Users\kydah\AppData\Local\Programs\MiKTeX\tex/latex/lm\omllmm.fd
File: omllmm.fd 2009/10/30 v1.6 Font defs for Latin Modern
)
LaTeX Font Info:    Trying to load font information for OMS+lmsy on input line 
95.
(C:\Users\kydah\AppData\Local\Programs\MiKTeX\tex/latex/lm\omslmsy.fd
File: omslmsy.fd 2009/10/30 v1.6 Font defs for Latin Modern
)
LaTeX Font Info:    Trying to load font information for OMX+lmex on input line 
95.
(C:\Users\kydah\AppData\Local\Programs\MiKTeX\tex/latex/lm\omxlmex.fd
File: omxlmex.fd 2009/10/30 v1.6 Font defs for Latin Modern
)
LaTeX Font Info:    External font `lmex10' loaded for size
(Font)              <10> on input line 95.
LaTeX Font Info:    External font `lmex10' loaded for size
(Font)              <7> on input line 95.
LaTeX Font Info:    External font `lmex10' loaded for size
(Font)              <5> on input line 95.
LaTeX Font Info:    Trying to load font information for U+msa on input line 95.

(C:\Users\kydah\AppData\Local\Programs\MiKTeX\tex/latex/amsfonts\umsa.fd
File: umsa.fd 2013/01/14 v3.01 AMS symbols A
) (C:\Users\kydah\AppData\Local\Programs\MiKTeX\tex/latex/microtype\mt-msa.cfg
File: mt-msa.cfg 2006/02/04 v1.1 microtype config. file: AMS symbols (a) (RS)
)
LaTeX Font Info:    Trying to load font information for U+msb on input line 95.

(C:\Users\kydah\AppData\Local\Programs\MiKTeX\tex/latex/amsfonts\umsb.fd
File: umsb.fd 2013/01/14 v3.01 AMS symbols B
) (C:\Users\kydah\AppData\Local\Programs\MiKTeX\tex/latex/microtype\mt-msb.cfg
File: mt-msb.cfg 2005/06/01 v1.0 microtype config. file: AMS symbols (b) (RS)
)
LaTeX Font Info:    Trying to load font information for U+rsfs on input line 95
.
(C:\Users\kydah\AppData\Local\Programs\MiKTeX\tex/latex/jknappen\ursfs.fd
File: ursfs.fd 1998/03/24 rsfs font definition file (jk)
)
Package xypdf Info: Line width: 0.39998pt on input line 95.
Package hyperref Info: Link coloring OFF on input line 95.
(C:\Users\kydah\AppData\Local\Programs\MiKTeX\tex/latex/hyperref\nameref.sty
Package: nameref 2021-04-02 v2.47 Cross-referencing by name of section
(C:\Users\kydah\AppData\Local\Programs\MiKTeX\tex/latex/refcount\refcount.sty
Package: refcount 2019/12/15 v3.6 Data extraction from label references (HO)
)
(C:\Users\kydah\AppData\Local\Programs\MiKTeX\tex/generic/gettitlestring\gettit
lestring.sty
Package: gettitlestring 2019/12/15 v1.6 Cleanup title references (HO)
)
\c@section@level=\count313
)
LaTeX Info: Redefining \ref on input line 95.
LaTeX Info: Redefining \pageref on input line 95.
LaTeX Info: Redefining \nameref on input line 95.
LaTeX Font Info:    External font `lmex10' loaded for size
(Font)              <12> on input line 97.
LaTeX Font Info:    External font `lmex10' loaded for size
(Font)              <8> on input line 97.
LaTeX Font Info:    External font `lmex10' loaded for size
(Font)              <6> on input line 97.
<F:/GitHub/thermal-properties-mbps/doc/manuscript-figures_files/figure-latex/fi
g-1_contact_comparison-1.pdf, id=3, 505.89pt x 361.35pt>
File: F:/GitHub/thermal-properties-mbps/doc/manuscript-figures_files/figure-lat
ex/fig-1_contact_comparison-1.pdf Graphic file (type pdf)
<use F:/GitHub/thermal-properties-mbps/doc/manuscript-figures_files/figure-late
x/fig-1_contact_comparison-1.pdf>
Package pdftex.def Info: F:/GitHub/thermal-properties-mbps/doc/manuscript-figur
es_files/figure-latex/fig-1_contact_comparison-1.pdf  used on input line 103.
(pdftex.def)             Requested size: 469.76265pt x 335.54477pt.
<F:/GitHub/thermal-properties-mbps/doc/manuscript-figures_files/figure-latex/fi
g-3_MosquitoThermalTraits-1.pdf, id=4, 650.43pt x 433.62pt>
File: F:/GitHub/thermal-properties-mbps/doc/manuscript-figures_files/figure-lat
ex/fig-3_MosquitoThermalTraits-1.pdf Graphic file (type pdf)
<use F:/GitHub/thermal-properties-mbps/doc/manuscript-figures_files/figure-late
x/fig-3_MosquitoThermalTraits-1.pdf>
Package pdftex.def Info: F:/GitHub/thermal-properties-mbps/doc/manuscript-figur
es_files/figure-latex/fig-3_MosquitoThermalTraits-1.pdf  used on input line 112
.
(pdftex.def)             Requested size: 469.76817pt x 313.17879pt.
[1

{C:/Users/kydah/AppData/Local/MiKTeX/pdftex/config/pdftex.map} <F:/GitHub/therm
al-properties-mbps/doc/manuscript-figures_files/figure-latex/fig-1_contact_comp
arison-1.pdf>]
<F:/GitHub/thermal-properties-mbps/doc/manuscript-figures_files/figure-latex/fi
g-4_R0_TPCs-1.pdf, id=22, 650.43pt x 433.62pt>
File: F:/GitHub/thermal-properties-mbps/doc/manuscript-figures_files/figure-lat
ex/fig-4_R0_TPCs-1.pdf Graphic file (type pdf)
<use F:/GitHub/thermal-properties-mbps/doc/manuscript-figures_files/figure-late
x/fig-4_R0_TPCs-1.pdf>
Package pdftex.def Info: F:/GitHub/thermal-properties-mbps/doc/manuscript-figur
es_files/figure-latex/fig-4_R0_TPCs-1.pdf  used on input line 121.
(pdftex.def)             Requested size: 469.76817pt x 313.17879pt.
[2 <F:/GitHub/thermal-properties-mbps/doc/manuscript-figures_files/figure-latex
/fig-3_MosquitoThermalTraits-1.pdf>]
<F:/GitHub/thermal-properties-mbps/doc/manuscript-figures_files/figure-latex/fi
g-5_Topt-1.pdf, id=36, 650.43pt x 433.62pt>
File: F:/GitHub/thermal-properties-mbps/doc/manuscript-figures_files/figure-lat
ex/fig-5_Topt-1.pdf Graphic file (type pdf)
<use F:/GitHub/thermal-properties-mbps/doc/manuscript-figures_files/figure-late
x/fig-5_Topt-1.pdf>
Package pdftex.def Info: F:/GitHub/thermal-properties-mbps/doc/manuscript-figur
es_files/figure-latex/fig-5_Topt-1.pdf  used on input line 130.
(pdftex.def)             Requested size: 469.76817pt x 313.17879pt.
[3 <F:/GitHub/thermal-properties-mbps/doc/manuscript-figures_files/figure-latex
/fig-4_R0_TPCs-1.pdf>]
<F:/GitHub/thermal-properties-mbps/doc/manuscript-figures_files/figure-latex/fi
g-6_CT_Width-1.pdf, id=52, 650.43pt x 433.62pt>
File: F:/GitHub/thermal-properties-mbps/doc/manuscript-figures_files/figure-lat
ex/fig-6_CT_Width-1.pdf Graphic file (type pdf)
<use F:/GitHub/thermal-properties-mbps/doc/manuscript-figures_files/figure-late
x/fig-6_CT_Width-1.pdf>
Package pdftex.def Info: F:/GitHub/thermal-properties-mbps/doc/manuscript-figur
es_files/figure-latex/fig-6_CT_Width-1.pdf  used on input line 139.
(pdftex.def)             Requested size: 469.76817pt x 313.17879pt.
[4 <F:/GitHub/thermal-properties-mbps/doc/manuscript-figures_files/figure-latex
/fig-5_Topt-1.pdf>]
<F:/GitHub/thermal-properties-mbps/doc/manuscript-figures_files/figure-latex/fi
g-S1_R0_heatmap_plots_all-1.pdf, id=66, 650.43pt x 794.97pt>
File: F:/GitHub/thermal-properties-mbps/doc/manuscript-figures_files/figure-lat
ex/fig-S1_R0_heatmap_plots_all-1.pdf Graphic file (type pdf)
<use F:/GitHub/thermal-properties-mbps/doc/manuscript-figures_files/figure-late
x/fig-S1_R0_heatmap_plots_all-1.pdf>
Package pdftex.def Info: F:/GitHub/thermal-properties-mbps/doc/manuscript-figur
es_files/figure-latex/fig-S1_R0_heatmap_plots_all-1.pdf  used on input line 151
.
(pdftex.def)             Requested size: 469.76817pt x 574.16112pt.
[5 <F:/GitHub/thermal-properties-mbps/doc/manuscript-figures_files/figure-latex
/fig-6_CT_Width-1.pdf>]
<F:/GitHub/thermal-properties-mbps/doc/manuscript-figures_files/figure-latex/fi
g-S2_Topt_plots_varyKH-1.pdf, id=79, 650.43pt x 433.62pt>
File: F:/GitHub/thermal-properties-mbps/doc/manuscript-figures_files/figure-lat
ex/fig-S2_Topt_plots_varyKH-1.pdf Graphic file (type pdf)
<use F:/GitHub/thermal-properties-mbps/doc/manuscript-figures_files/figure-late
x/fig-S2_Topt_plots_varyKH-1.pdf>
Package pdftex.def Info: F:/GitHub/thermal-properties-mbps/doc/manuscript-figur
es_files/figure-latex/fig-S2_Topt_plots_varyKH-1.pdf  used on input line 160.
(pdftex.def)             Requested size: 469.76817pt x 313.17879pt.
[6 <F:/GitHub/thermal-properties-mbps/doc/manuscript-figures_files/figure-latex
/fig-S1_R0_heatmap_plots_all-1.pdf>]
<F:/GitHub/thermal-properties-mbps/doc/manuscript-figures_files/figure-latex/fi
g-S3_Topt_plots_varysigmaH-1.pdf, id=94, 650.43pt x 433.62pt>
File: F:/GitHub/thermal-properties-mbps/doc/manuscript-figures_files/figure-lat
ex/fig-S3_Topt_plots_varysigmaH-1.pdf Graphic file (type pdf)
<use F:/GitHub/thermal-properties-mbps/doc/manuscript-figures_files/figure-late
x/fig-S3_Topt_plots_varysigmaH-1.pdf>
Package pdftex.def Info: F:/GitHub/thermal-properties-mbps/doc/manuscript-figur
es_files/figure-latex/fig-S3_Topt_plots_varysigmaH-1.pdf  used on input line 16
9.
(pdftex.def)             Requested size: 469.76817pt x 313.17879pt.
[7 <F:/GitHub/thermal-properties-mbps/doc/manuscript-figures_files/figure-latex
/fig-S2_Topt_plots_varyKH-1.pdf>]
<F:/GitHub/thermal-properties-mbps/doc/manuscript-figures_files/figure-latex/fi
g-S4_CTmin-1.pdf, id=108, 650.43pt x 433.62pt>
File: F:/GitHub/thermal-properties-mbps/doc/manuscript-figures_files/figure-lat
ex/fig-S4_CTmin-1.pdf Graphic file (type pdf)
<use F:/GitHub/thermal-properties-mbps/doc/manuscript-figures_files/figure-late
x/fig-S4_CTmin-1.pdf>
Package pdftex.def Info: F:/GitHub/thermal-properties-mbps/doc/manuscript-figur
es_files/figure-latex/fig-S4_CTmin-1.pdf  used on input line 178.
(pdftex.def)             Requested size: 469.76817pt x 313.17879pt.
[8 <F:/GitHub/thermal-properties-mbps/doc/manuscript-figures_files/figure-latex
/fig-S3_Topt_plots_varysigmaH-1.pdf>]
<F:/GitHub/thermal-properties-mbps/doc/manuscript-figures_files/figure-latex/fi
g-S5_CTmax-1.pdf, id=121, 650.43pt x 433.62pt>
File: F:/GitHub/thermal-properties-mbps/doc/manuscript-figures_files/figure-lat
ex/fig-S5_CTmax-1.pdf Graphic file (type pdf)
<use F:/GitHub/thermal-properties-mbps/doc/manuscript-figures_files/figure-late
x/fig-S5_CTmax-1.pdf>
Package pdftex.def Info: F:/GitHub/thermal-properties-mbps/doc/manuscript-figur
es_files/figure-latex/fig-S5_CTmax-1.pdf  used on input line 187.
(pdftex.def)             Requested size: 469.76817pt x 313.17879pt.
[9 <F:/GitHub/thermal-properties-mbps/doc/manuscript-figures_files/figure-latex
/fig-S4_CTmin-1.pdf>]
<F:/GitHub/thermal-properties-mbps/doc/manuscript-figures_files/figure-latex/fi
g-S6_CT_Range-1.pdf, id=147, 650.43pt x 433.62pt>
File: F:/GitHub/thermal-properties-mbps/doc/manuscript-figures_files/figure-lat
ex/fig-S6_CT_Range-1.pdf Graphic file (type pdf)
<use F:/GitHub/thermal-properties-mbps/doc/manuscript-figures_files/figure-late
x/fig-S6_CT_Range-1.pdf>
Package pdftex.def Info: F:/GitHub/thermal-properties-mbps/doc/manuscript-figur
es_files/figure-latex/fig-S6_CT_Range-1.pdf  used on input line 196.
(pdftex.def)             Requested size: 469.76817pt x 313.17879pt.
[10 <F:/GitHub/thermal-properties-mbps/doc/manuscript-figures_files/figure-late
x/fig-S5_CTmax-1.pdf>]
<F:/GitHub/thermal-properties-mbps/doc/manuscript-figures_files/figure-latex/fi
g-S7_CT_distributions-1.pdf, id=173, 650.43pt x 433.62pt>
File: F:/GitHub/thermal-properties-mbps/doc/manuscript-figures_files/figure-lat
ex/fig-S7_CT_distributions-1.pdf Graphic file (type pdf)
<use F:/GitHub/thermal-properties-mbps/doc/manuscript-figures_files/figure-late
x/fig-S7_CT_distributions-1.pdf>
Package pdftex.def Info: F:/GitHub/thermal-properties-mbps/doc/manuscript-figur
es_files/figure-latex/fig-S7_CT_distributions-1.pdf  used on input line 205.
(pdftex.def)             Requested size: 469.76817pt x 313.17879pt.
[11 <F:/GitHub/thermal-properties-mbps/doc/manuscript-figures_files/figure-late
x/fig-S6_CT_Range-1.pdf>]
<F:/GitHub/thermal-properties-mbps/doc/manuscript-figures_files/figure-latex/fi
g-S8_R0_sensitivity-1.pdf, id=186, 650.43pt x 433.62pt>
File: F:/GitHub/thermal-properties-mbps/doc/manuscript-figures_files/figure-lat
ex/fig-S8_R0_sensitivity-1.pdf Graphic file (type pdf)
<use F:/GitHub/thermal-properties-mbps/doc/manuscript-figures_files/figure-late
x/fig-S8_R0_sensitivity-1.pdf>
Package pdftex.def Info: F:/GitHub/thermal-properties-mbps/doc/manuscript-figur
es_files/figure-latex/fig-S8_R0_sensitivity-1.pdf  used on input line 214.
(pdftex.def)             Requested size: 469.76817pt x 313.17879pt.
[12 <F:/GitHub/thermal-properties-mbps/doc/manuscript-figures_files/figure-late
x/fig-S7_CT_distributions-1.pdf>]
<F:/GitHub/thermal-properties-mbps/doc/manuscript-figures_files/figure-latex/fi
g-S9_ddTR0_sensitivity-1.pdf, id=198, 650.43pt x 433.62pt>
File: F:/GitHub/thermal-properties-mbps/doc/manuscript-figures_files/figure-lat
ex/fig-S9_ddTR0_sensitivity-1.pdf Graphic file (type pdf)
<use F:/GitHub/thermal-properties-mbps/doc/manuscript-figures_files/figure-late
x/fig-S9_ddTR0_sensitivity-1.pdf>
Package pdftex.def Info: F:/GitHub/thermal-properties-mbps/doc/manuscript-figur
es_files/figure-latex/fig-S9_ddTR0_sensitivity-1.pdf  used on input line 223.
(pdftex.def)             Requested size: 469.76817pt x 313.17879pt.
<F:/GitHub/thermal-properties-mbps/doc/manuscript-figures_files/figure-latex/fi
g-S10_Topt_sensitivity-1.pdf, id=199, 650.43pt x 433.62pt>
File: F:/GitHub/thermal-properties-mbps/doc/manuscript-figures_files/figure-lat
ex/fig-S10_Topt_sensitivity-1.pdf Graphic file (type pdf)
<use F:/GitHub/thermal-properties-mbps/doc/manuscript-figures_files/figure-late
x/fig-S10_Topt_sensitivity-1.pdf>
Package pdftex.def Info: F:/GitHub/thermal-properties-mbps/doc/manuscript-figur
es_files/figure-latex/fig-S10_Topt_sensitivity-1.pdf  used on input line 231.
(pdftex.def)             Requested size: 469.76817pt x 313.17879pt.
[13 <F:/GitHub/thermal-properties-mbps/doc/manuscript-figures_files/figure-late
x/fig-S8_R0_sensitivity-1.pdf>] [14 <F:/GitHub/thermal-properties-mbps/doc/manu
script-figures_files/figure-latex/fig-S9_ddTR0_sensitivity-1.pdf>]
<F:/GitHub/thermal-properties-mbps/doc/manuscript-figures_files/figure-latex/fi
g-S11_CTmin_sensitivity-1.pdf, id=226, 650.43pt x 433.62pt>
File: F:/GitHub/thermal-properties-mbps/doc/manuscript-figures_files/figure-lat
ex/fig-S11_CTmin_sensitivity-1.pdf Graphic file (type pdf)
<use F:/GitHub/thermal-properties-mbps/doc/manuscript-figures_files/figure-late
x/fig-S11_CTmin_sensitivity-1.pdf>
Package pdftex.def Info: F:/GitHub/thermal-properties-mbps/doc/manuscript-figur
es_files/figure-latex/fig-S11_CTmin_sensitivity-1.pdf  used on input line 240.
(pdftex.def)             Requested size: 469.76817pt x 313.17879pt.
[15 <F:/GitHub/thermal-properties-mbps/doc/manuscript-figures_files/figure-late
x/fig-S10_Topt_sensitivity-1.pdf>]
<F:/GitHub/thermal-properties-mbps/doc/manuscript-figures_files/figure-latex/fi
g-S12_CTmax_sensitivity-1.pdf, id=239, 650.43pt x 433.62pt>
File: F:/GitHub/thermal-properties-mbps/doc/manuscript-figures_files/figure-lat
ex/fig-S12_CTmax_sensitivity-1.pdf Graphic file (type pdf)
<use F:/GitHub/thermal-properties-mbps/doc/manuscript-figures_files/figure-late
x/fig-S12_CTmax_sensitivity-1.pdf>
Package pdftex.def Info: F:/GitHub/thermal-properties-mbps/doc/manuscript-figur
es_files/figure-latex/fig-S12_CTmax_sensitivity-1.pdf  used on input line 249.
(pdftex.def)             Requested size: 469.76817pt x 313.17879pt.
[16 <F:/GitHub/thermal-properties-mbps/doc/manuscript-figures_files/figure-late
x/fig-S11_CTmin_sensitivity-1.pdf>]
<F:/GitHub/thermal-properties-mbps/doc/manuscript-figures_files/figure-latex/fi
g-S13_CTwidth_sensitivity-1.pdf, id=252, 650.43pt x 433.62pt>
File: F:/GitHub/thermal-properties-mbps/doc/manuscript-figures_files/figure-lat
ex/fig-S13_CTwidth_sensitivity-1.pdf Graphic file (type pdf)
<use F:/GitHub/thermal-properties-mbps/doc/manuscript-figures_files/figure-late
x/fig-S13_CTwidth_sensitivity-1.pdf>
Package pdftex.def Info: F:/GitHub/thermal-properties-mbps/doc/manuscript-figur
es_files/figure-latex/fig-S13_CTwidth_sensitivity-1.pdf  used on input line 258
.
(pdftex.def)             Requested size: 469.76817pt x 313.17879pt.
[17 <F:/GitHub/thermal-properties-mbps/doc/manuscript-figures_files/figure-late
x/fig-S12_CTmax_sensitivity-1.pdf>] [18 <F:/GitHub/thermal-properties-mbps/doc/
manuscript-figures_files/figure-latex/fig-S13_CTwidth_sensitivity-1.pdf>] (manu
script-figures.aux)

LaTeX Warning: There were multiply-defined labels.

 ) 
Here is how much of TeX's memory you used:
 17256 strings out of 478681
 283364 string characters out of 2846535
 649931 words of memory out of 3000000
 34918 multiletter control sequences out of 15000+600000
 452047 words of font info for 109 fonts, out of 8000000 for 9000
 1141 hyphenation exceptions out of 8191
 74i,6n,77p,3286b,365s stack positions out of 5000i,500n,10000p,200000b,80000s
{C:/Users/kydah/AppData/Local/Programs/MiKTeX/fonts/enc/dvips/lm/lm-rm.enc}{C
:/Users/kydah/AppData/Local/Programs/MiKTeX/fonts/enc/dvips/lm/lm-mathsy.enc}{C
:/Users/kydah/AppData/Local/Programs/MiKTeX/fonts/enc/dvips/lm/lm-mathit.enc}{C
:/Users/kydah/AppData/Local/Programs/MiKTeX/fonts/enc/dvips/lm/lm-ec.enc}<C:/Us
ers/kydah/AppData/Local/Programs/MiKTeX/fonts/type1/public/lm/lmbx12.pfb><C:/Us
ers/kydah/AppData/Local/Programs/MiKTeX/fonts/type1/public/lm/lmmi10.pfb><C:/Us
ers/kydah/AppData/Local/Programs/MiKTeX/fonts/type1/public/lm/lmmi7.pfb><C:/Use
rs/kydah/AppData/Local/Programs/MiKTeX/fonts/type1/public/lm/lmr10.pfb><C:/User
s/kydah/AppData/Local/Programs/MiKTeX/fonts/type1/public/lm/lmr12.pfb><C:/Users
/kydah/AppData/Local/Programs/MiKTeX/fonts/type1/public/lm/lmr17.pfb><C:/Users/
kydah/AppData/Local/Programs/MiKTeX/fonts/type1/public/lm/lmr7.pfb><C:/Users/ky
dah/AppData/Local/Programs/MiKTeX/fonts/type1/public/lm/lmri10.pfb><C:/Users/ky
dah/AppData/Local/Programs/MiKTeX/fonts/type1/public/lm/lmsy10.pfb>
Output written on manuscript-figures.pdf (18 pages, 3020405 bytes).
PDF statistics:
 339 PDF objects out of 1000 (max. 8388607)
 41 named destinations out of 1000 (max. 500000)
 24683 words of extra memory for PDF output out of 24883 (max. 10000000)

